- Nikto v2.1.6
---------------------------------------------------------------------------
+ Target IP:          10.150.150.212
+ Target Hostname:    10.150.150.212
+ Target Port:        80
+ Start Time:         2021-02-24 07:40:24 (GMT1)
---------------------------------------------------------------------------
+ Server: Apache/2.4.34 (Win32) OpenSSL/1.0.2o PHP/5.6.38
+ Retrieved x-powered-by header: PHP/5.6.38
+ The anti-clickjacking X-Frame-Options header is not present.
+ The X-XSS-Protection header is not defined. This header can hint to the user agent to protect against some forms of XSS
+ The X-Content-Type-Options header is not set. This could allow the user agent to render the content of the site in a different fashion to the MIME type
+ Root page / redirects to: http://10.150.150.212/dashboard/
+ OpenSSL/1.0.2o appears to be outdated (current is at least 1.1.1). OpenSSL 1.0.0o and 0.9.8zc are also current.
+ Apache/2.4.34 appears to be outdated (current is at least Apache/2.4.37). Apache 2.2.34 is the EOL for the 2.x branch.
+ PHP/5.6.38 appears to be outdated (current is at least 7.2.12). PHP 5.6.33, 7.0.27, 7.1.13, 7.2.1 may also current release for each branch.
+ Apache mod_negotiation is enabled with MultiViews, which allows attackers to easily brute force file names. See http://www.wisec.it/sectou.php?id=4698ebdc59d15. The following alternatives for 'index' were found: HTTP_NOT_FOUND.html.var, HTTP_NOT_FOUND.html.var, HTTP_NOT_FOUND.html.var, HTTP_NOT_FOUND.html.var, HTTP_NOT_FOUND.html.var, HTTP_NOT_FOUND.html.var, HTTP_NOT_FOUND.html.var, HTTP_NOT_FOUND.html.var, HTTP_NOT_FOUND.html.var, HTTP_NOT_FOUND.html.var, HTTP_NOT_FOUND.html.var, HTTP_NOT_FOUND.html.var, HTTP_NOT_FOUND.html.var, HTTP_NOT_FOUND.html.var, HTTP_NOT_FOUND.html.var, HTTP_NOT_FOUND.html.var, HTTP_NOT_FOUND.html.var, HTTP_NOT_FOUND.html.var, HTTP_NOT_FOUND.html.var, HTTP_NOT_FOUND.html.var, HTTP_NOT_FOUND.html.var
+ OSVDB-877: HTTP TRACE method is active, suggesting the host is vulnerable to XST
+ OSVDB-3268: /img/: Directory indexing found.
+ OSVDB-3092: /img/: This might be interesting...
+ Uncommon header 'x-ob_mode' found, with contents: 1
+ OSVDB-3092: /phpmyadmin/ChangeLog: phpMyAdmin is for managing MySQL databases, and should be protected or limited to authorized hosts.
+ OSVDB-3268: /icons/: Directory indexing found.
+ OSVDB-3233: /icons/README: Apache default file found.
+ /phpmyadmin/: phpMyAdmin directory found
+ OSVDB-3092: /phpmyadmin/README: phpMyAdmin is for managing MySQL databases, and should be protected or limited to authorized hosts.
+ 8699 requests: 0 error(s) and 17 item(s) reported on remote host
+ End Time:           2021-02-24 08:22:31 (GMT1) (2527 seconds)
---------------------------------------------------------------------------
+ 1 host(s) tested
